<?xml version="1.0" encoding="UTF-8"?>
<!-- Generated by org.testng.reporters.JUnitReportReporter -->
<testsuite hostname="DESKTOP-EKTU0VS" failures="0" tests="1" name="com.amazon.scenario1.Scanario2Test" time="47.010" errors="0" timestamp="2024-08-13T09:58:23 IST" skipped="0">
  <testcase classname="com.amazon.scenario1.Scanario2Test" name="AddToWishListTest" time="47.010"/>
</testsuite> <!-- com.amazon.scenario1.Scanario2Test -->
