<?xml version="1.0" encoding="UTF-8"?>
<!-- Generated by org.testng.reporters.JUnitReportReporter -->
<testsuite hostname="DESKTOP-EKTU0VS" failures="0" tests="1" name="com.amazon.scenario1.Scanario2" time="224.839" errors="0" timestamp="2024-08-09T15:01:58 IST" skipped="0">
  <testcase classname="com.amazon.scenario1.Scanario2" name="AddToWishList" time="224.839"/>
</testsuite> <!-- com.amazon.scenario1.Scanario2 -->
